Build started 5/15/2014 9:03:53 PM.
     1>Project "C:\Snuff\src\snuffbox\snuffbox.vcxproj" on node 2 (Build target(s)).
     1>ClCompile:
         C:\Program Files (x86)\Microsoft Visual Studio 12.0\VC\bin\x86_amd64\CL.exe /c /IC:\V8\include /I"C:\Program Files (x86)\Microsoft DirectX SDK (June 2010)\\Include" /Zi /nologo /W3 /WX- /sdl /O2 /Oi /GL /D WIN32 /D NDEBUG /D _WINDOWS /D _MBCS /Gm- /EHsc /MT /GS /Gy /fp:precise /Zc:wchar_t /Zc:forScope /Fo"x64\Release\\" /Fd"x64\Release\vc120.pdb" /Gd /TP /errorReport:prompt d3d11\d3d11_camera.cc d3d11\d3d11_display_device.cc d3d11\elements\quad_element.cc d3d11\elements\terrain_element.cc game.cc input\keyboard.cc input\mouse.cc js\js_state_wrapper.cc js\js_wrapper.cc networking\connection.cc win32\win32_window.cc
         d3d11_camera.cc
         d3d11_display_device.cc
         quad_element.cc
         terrain_element.cc
         game.cc
         keyboard.cc
         mouse.cc
         js_state_wrapper.cc
         js_wrapper.cc
         connection.cc
         win32_window.cc
       Link:
         C:\Program Files (x86)\Microsoft Visual Studio 12.0\VC\bin\x86_amd64\link.exe /ERRORREPORT:PROMPT /OUT:"C:\Snuff\src\x64\Release\snuffbox.exe" /INCREMENTAL:NO /NOLOGO Ws2_32.lib WINMM.lib C:/V8/build/Release/lib/icui18n.lib C:/V8/build/Release/lib/icuuc.lib C:/V8/build/Release/lib/v8_snapshot.lib C:/V8/build/Release/lib/v8_nosnapshot.x64.lib C:/V8/build/Release/lib/v8_base.x64.lib "C:\Program Files (x86)\Microsoft DirectX SDK (June 2010)\\Lib\x64\d3d11.lib" "C:\Program Files (x86)\Microsoft DirectX SDK (June 2010)\\Lib\x64\dxgi.lib" "C:\Program Files (x86)\Microsoft DirectX SDK (June 2010)\\Lib\x64\d3dx11.lib" "C:\Program Files (x86)\Microsoft DirectX SDK (June 2010)\\Lib\x64\d3dx10.lib" kernel32.lib user32.lib gdi32.lib winspool.lib comdlg32.lib advapi32.lib shell32.lib ole32.lib oleaut32.lib uuid.lib odbc32.lib odbccp32.lib /MANIFEST /MANIFESTUAC:"level='asInvoker' uiAccess='false'" /manifest:embed /DEBUG /PDB:"C:\Snuff\src\x64\Release\snuffbox.pdb" /SUBSYSTEM:WINDOWS /OPT:REF /OPT:ICF /LTCG /TLBID:1 /DYNAMICBASE /NXCOMPAT /IMPLIB:"C:\Snuff\src\x64\Release\snuffbox.lib" /MACHINE:X64 x64\Release\d3d11_camera.obj
         x64\Release\d3d11_display_device.obj
         x64\Release\quad_element.obj
         x64\Release\terrain_element.obj
         x64\Release\game.obj
         x64\Release\keyboard.obj
         x64\Release\mouse.obj
         x64\Release\js_state_wrapper.obj
         x64\Release\js_wrapper.obj
         x64\Release\allocated_memory.obj
         x64\Release\connection.obj
         x64\Release\win32_window.obj
         Generating code
     1>c:\snuff\src\snuffbox\js\js_state_wrapper.cc(247): warning C4715: 'snuffbox::JSStateWrapper::GetException' : not all control paths return a value
         Finished generating code
         snuffbox.vcxproj -> C:\Snuff\src\x64\Release\snuffbox.exe
     1>Done Building Project "C:\Snuff\src\snuffbox\snuffbox.vcxproj" (Build target(s)).

Build succeeded.

Time Elapsed 00:01:45.57
