c:\snuff\src\snuffbox\x64\release\vc120.pdb
c:\snuff\src\snuffbox\x64\release\win32_window.obj
c:\snuff\src\snuffbox\x64\release\win32_file_watch.obj
c:\snuff\src\snuffbox\x64\release\connection.obj
c:\snuff\src\snuffbox\x64\release\allocated_memory.obj
c:\snuff\src\snuffbox\x64\release\js_wrapper.obj
c:\snuff\src\snuffbox\x64\release\js_state_wrapper.obj
c:\snuff\src\snuffbox\x64\release\mouse.obj
c:\snuff\src\snuffbox\x64\release\keyboard.obj
c:\snuff\src\snuffbox\x64\release\game.obj
c:\snuff\src\snuffbox\x64\release\terrain_element.obj
c:\snuff\src\snuffbox\x64\release\quad_element.obj
c:\snuff\src\snuffbox\x64\release\billboard_element.obj
c:\snuff\src\snuffbox\x64\release\d3d11_texture.obj
c:\snuff\src\snuffbox\x64\release\d3d11_shader.obj
c:\snuff\src\snuffbox\x64\release\d3d11_display_device.obj
c:\snuff\src\snuffbox\x64\release\d3d11_camera.obj
c:\snuff\src\snuffbox\x64\release\content_manager.obj
c:\snuff\src\snuffbox\x64\release\content.obj
c:\snuff\src\x64\release\snuffbox.exe
c:\snuff\src\x64\release\snuffbox.pdb
c:\snuff\src\snuffbox\x64\release\snuffbox.tlog\cl.command.1.tlog
c:\snuff\src\snuffbox\x64\release\snuffbox.tlog\cl.read.1.tlog
c:\snuff\src\snuffbox\x64\release\snuffbox.tlog\cl.write.1.tlog
c:\snuff\src\snuffbox\x64\release\snuffbox.tlog\link.command.1.tlog
c:\snuff\src\snuffbox\x64\release\snuffbox.tlog\link.read.1.tlog
c:\snuff\src\snuffbox\x64\release\snuffbox.tlog\link.write.1.tlog
