c:\snuff\src\snuffbox-console\x64\debug\connection.obj
c:\snuff\src\snuffbox-console\x64\debug\main.obj
c:\snuff\src\snuffbox-console\x64\debug\console_widget.obj
c:\snuff\src\snuffbox-console\x64\debug\terminal.obj
c:\snuff\src\snuffbox-console\x64\debug\vc110.pdb
c:\snuff\src\x64\debug\snuffbox-console.ilk
c:\snuff\src\x64\debug\snuffbox-console.exe
c:\snuff\src\x64\debug\snuffbox-console.pdb
c:\snuff\src\snuffbox-console\x64\debug\cl.command.1.tlog
c:\snuff\src\snuffbox-console\x64\debug\cl.read.1.tlog
c:\snuff\src\snuffbox-console\x64\debug\cl.write.1.tlog
c:\snuff\src\snuffbox-console\x64\debug\link-cvtres.read.1.tlog
c:\snuff\src\snuffbox-console\x64\debug\link-cvtres.write.1.tlog
c:\snuff\src\snuffbox-console\x64\debug\link-rc.read.1.tlog
c:\snuff\src\snuffbox-console\x64\debug\link-rc.write.1.tlog
c:\snuff\src\snuffbox-console\x64\debug\link.1648-cvtres.read.1.tlog
c:\snuff\src\snuffbox-console\x64\debug\link.1648-cvtres.write.1.tlog
c:\snuff\src\snuffbox-console\x64\debug\link.1648-rc.read.1.tlog
c:\snuff\src\snuffbox-console\x64\debug\link.1648-rc.write.1.tlog
c:\snuff\src\snuffbox-console\x64\debug\link.1648.read.1.tlog
c:\snuff\src\snuffbox-console\x64\debug\link.1648.write.1.tlog
c:\snuff\src\snuffbox-console\x64\debug\link.2848-cvtres.read.1.tlog
c:\snuff\src\snuffbox-console\x64\debug\link.2848-cvtres.write.1.tlog
c:\snuff\src\snuffbox-console\x64\debug\link.2848-rc.read.1.tlog
c:\snuff\src\snuffbox-console\x64\debug\link.2848-rc.write.1.tlog
c:\snuff\src\snuffbox-console\x64\debug\link.2848.read.1.tlog
c:\snuff\src\snuffbox-console\x64\debug\link.2848.write.1.tlog
c:\snuff\src\snuffbox-console\x64\debug\link.4092-cvtres.read.1.tlog
c:\snuff\src\snuffbox-console\x64\debug\link.4092-cvtres.write.1.tlog
c:\snuff\src\snuffbox-console\x64\debug\link.4092-rc.read.1.tlog
c:\snuff\src\snuffbox-console\x64\debug\link.4092-rc.write.1.tlog
c:\snuff\src\snuffbox-console\x64\debug\link.4092.read.1.tlog
c:\snuff\src\snuffbox-console\x64\debug\link.4092.write.1.tlog
c:\snuff\src\snuffbox-console\x64\debug\link.5560-cvtres.read.1.tlog
c:\snuff\src\snuffbox-console\x64\debug\link.5560-cvtres.write.1.tlog
c:\snuff\src\snuffbox-console\x64\debug\link.5560-rc.read.1.tlog
c:\snuff\src\snuffbox-console\x64\debug\link.5560-rc.write.1.tlog
c:\snuff\src\snuffbox-console\x64\debug\link.5560.read.1.tlog
c:\snuff\src\snuffbox-console\x64\debug\link.5560.write.1.tlog
c:\snuff\src\snuffbox-console\x64\debug\link.5656-cvtres.read.1.tlog
c:\snuff\src\snuffbox-console\x64\debug\link.5656-cvtres.write.1.tlog
c:\snuff\src\snuffbox-console\x64\debug\link.5656-rc.read.1.tlog
c:\snuff\src\snuffbox-console\x64\debug\link.5656-rc.write.1.tlog
c:\snuff\src\snuffbox-console\x64\debug\link.5656.read.1.tlog
c:\snuff\src\snuffbox-console\x64\debug\link.5656.write.1.tlog
c:\snuff\src\snuffbox-console\x64\debug\link.5936-cvtres.read.1.tlog
c:\snuff\src\snuffbox-console\x64\debug\link.5936-cvtres.write.1.tlog
c:\snuff\src\snuffbox-console\x64\debug\link.5936-rc.read.1.tlog
c:\snuff\src\snuffbox-console\x64\debug\link.5936-rc.write.1.tlog
c:\snuff\src\snuffbox-console\x64\debug\link.5936.read.1.tlog
c:\snuff\src\snuffbox-console\x64\debug\link.5936.write.1.tlog
c:\snuff\src\snuffbox-console\x64\debug\link.6728-cvtres.read.1.tlog
c:\snuff\src\snuffbox-console\x64\debug\link.6728-cvtres.write.1.tlog
c:\snuff\src\snuffbox-console\x64\debug\link.6728-rc.read.1.tlog
c:\snuff\src\snuffbox-console\x64\debug\link.6728-rc.write.1.tlog
c:\snuff\src\snuffbox-console\x64\debug\link.6728.read.1.tlog
c:\snuff\src\snuffbox-console\x64\debug\link.6728.write.1.tlog
c:\snuff\src\snuffbox-console\x64\debug\link.7620-cvtres.read.1.tlog
c:\snuff\src\snuffbox-console\x64\debug\link.7620-cvtres.write.1.tlog
c:\snuff\src\snuffbox-console\x64\debug\link.7620-rc.read.1.tlog
c:\snuff\src\snuffbox-console\x64\debug\link.7620-rc.write.1.tlog
c:\snuff\src\snuffbox-console\x64\debug\link.7620.read.1.tlog
c:\snuff\src\snuffbox-console\x64\debug\link.7620.write.1.tlog
c:\snuff\src\snuffbox-console\x64\debug\link.7640-cvtres.read.1.tlog
c:\snuff\src\snuffbox-console\x64\debug\link.7640-cvtres.write.1.tlog
c:\snuff\src\snuffbox-console\x64\debug\link.7640-rc.read.1.tlog
c:\snuff\src\snuffbox-console\x64\debug\link.7640-rc.write.1.tlog
c:\snuff\src\snuffbox-console\x64\debug\link.7640.read.1.tlog
c:\snuff\src\snuffbox-console\x64\debug\link.7640.write.1.tlog
c:\snuff\src\snuffbox-console\x64\debug\link.7716-cvtres.read.1.tlog
c:\snuff\src\snuffbox-console\x64\debug\link.7716-cvtres.write.1.tlog
c:\snuff\src\snuffbox-console\x64\debug\link.7716-rc.read.1.tlog
c:\snuff\src\snuffbox-console\x64\debug\link.7716-rc.write.1.tlog
c:\snuff\src\snuffbox-console\x64\debug\link.7716.read.1.tlog
c:\snuff\src\snuffbox-console\x64\debug\link.7716.write.1.tlog
c:\snuff\src\snuffbox-console\x64\debug\link.8248-cvtres.read.1.tlog
c:\snuff\src\snuffbox-console\x64\debug\link.8248-cvtres.write.1.tlog
c:\snuff\src\snuffbox-console\x64\debug\link.8248-rc.read.1.tlog
c:\snuff\src\snuffbox-console\x64\debug\link.8248-rc.write.1.tlog
c:\snuff\src\snuffbox-console\x64\debug\link.8248.read.1.tlog
c:\snuff\src\snuffbox-console\x64\debug\link.8248.write.1.tlog
c:\snuff\src\snuffbox-console\x64\debug\link.8320-cvtres.read.1.tlog
c:\snuff\src\snuffbox-console\x64\debug\link.8320-cvtres.write.1.tlog
c:\snuff\src\snuffbox-console\x64\debug\link.8320-rc.read.1.tlog
c:\snuff\src\snuffbox-console\x64\debug\link.8320-rc.write.1.tlog
c:\snuff\src\snuffbox-console\x64\debug\link.8320.read.1.tlog
c:\snuff\src\snuffbox-console\x64\debug\link.8320.write.1.tlog
c:\snuff\src\snuffbox-console\x64\debug\link.8700-cvtres.read.1.tlog
c:\snuff\src\snuffbox-console\x64\debug\link.8700-cvtres.write.1.tlog
c:\snuff\src\snuffbox-console\x64\debug\link.8700-rc.read.1.tlog
c:\snuff\src\snuffbox-console\x64\debug\link.8700-rc.write.1.tlog
c:\snuff\src\snuffbox-console\x64\debug\link.8700.read.1.tlog
c:\snuff\src\snuffbox-console\x64\debug\link.8700.write.1.tlog
c:\snuff\src\snuffbox-console\x64\debug\link.command.1.tlog
c:\snuff\src\snuffbox-console\x64\debug\link.read.1.tlog
c:\snuff\src\snuffbox-console\x64\debug\link.write.1.tlog
