Build started 5/16/2014 10:20:12 AM.
     1>Project "C:\Snuff\src\snuffbox\snuffbox.vcxproj" on node 2 (Build target(s)).
     1>ClCompile:
         C:\Program Files (x86)\Microsoft Visual Studio 12.0\VC\bin\CL.exe /c /Zi /nologo /W3 /WX- /sdl /O2 /Oi /Oy- /GL /D WIN32 /D NDEBUG /D _WINDOWS /D _UNICODE /D UNICODE /Gm- /EHsc /MD /GS /Gy /fp:precise /Zc:wchar_t /Zc:forScope /Fo"Release\\" /Fd"Release\vc120.pdb" /Gd /TP /analyze- /errorReport:prompt d3d11\d3d11_camera.cc d3d11\d3d11_display_device.cc d3d11\elements\quad_element.cc d3d11\elements\terrain_element.cc game.cc input\keyboard.cc input\mouse.cc js\js_state_wrapper.cc js\js_wrapper.cc memory\allocated_memory.cc networking\connection.cc win32\win32_window.cc
         d3d11_camera.cc
     1>c:\snuff\src\snuffbox\js\../../snuffbox/js/js_wrapper.h(3): fatal error C1083: Cannot open include file: 'v8.h': No such file or directory
         d3d11_display_device.cc
     1>c:\snuff\src\snuffbox\d3d11\../../snuffbox/d3d11/d3d11_display_device.h(7): fatal error C1083: Cannot open include file: 'D3DX10.h': No such file or directory
         quad_element.cc
     1>c:\snuff\src\snuffbox\d3d11\elements\../../../snuffbox/d3d11/d3d11_display_device.h(7): fatal error C1083: Cannot open include file: 'D3DX10.h': No such file or directory
         terrain_element.cc
     1>c:\snuff\src\snuffbox\d3d11\elements\../../../snuffbox/d3d11/d3d11_display_device.h(7): fatal error C1083: Cannot open include file: 'D3DX10.h': No such file or directory
         game.cc
     1>c:\snuff\src\snuffbox\js\../../snuffbox/js/js_wrapper.h(3): fatal error C1083: Cannot open include file: 'v8.h': No such file or directory
         keyboard.cc
     1>c:\snuff\src\snuffbox\js\../../snuffbox/js/js_wrapper.h(3): fatal error C1083: Cannot open include file: 'v8.h': No such file or directory
         mouse.cc
     1>c:\snuff\src\snuffbox\js\../../snuffbox/js/js_wrapper.h(3): fatal error C1083: Cannot open include file: 'v8.h': No such file or directory
         js_state_wrapper.cc
     1>c:\snuff\src\snuffbox\js\../../snuffbox/js/js_wrapper.h(3): fatal error C1083: Cannot open include file: 'v8.h': No such file or directory
         js_wrapper.cc
     1>c:\snuff\src\snuffbox\js\../../snuffbox/js/js_wrapper.h(3): fatal error C1083: Cannot open include file: 'v8.h': No such file or directory
         allocated_memory.cc
         connection.cc
     1>c:\snuff\src\snuffbox\js\../../snuffbox/js/js_wrapper.h(3): fatal error C1083: Cannot open include file: 'v8.h': No such file or directory
         win32_window.cc
     1>c:\snuff\src\snuffbox\js\../../snuffbox/js/js_wrapper.h(3): fatal error C1083: Cannot open include file: 'v8.h': No such file or directory
     1>Done Building Project "C:\Snuff\src\snuffbox\snuffbox.vcxproj" (Build target(s)) -- FAILED.

Build FAILED.

Time Elapsed 00:00:07.58
