c:\snuff\src\snuffbox\x64\debug\vc120.pdb
c:\snuff\src\snuffbox\x64\debug\vc120.idb
c:\snuff\src\snuffbox\x64\debug\terminal_widget.obj
c:\snuff\src\snuffbox\x64\debug\content.obj
c:\snuff\src\snuffbox\x64\debug\content_manager.obj
c:\snuff\src\snuffbox\x64\debug\d3d11_camera.obj
c:\snuff\src\snuffbox\x64\debug\d3d11_display_device.obj
c:\snuff\src\snuffbox\x64\debug\d3d11_settings.obj
c:\snuff\src\snuffbox\x64\debug\d3d11_shader.obj
c:\snuff\src\snuffbox\x64\debug\d3d11_texture.obj
c:\snuff\src\snuffbox\x64\debug\billboard_element.obj
c:\snuff\src\snuffbox\x64\debug\quad_element.obj
c:\snuff\src\snuffbox\x64\debug\terrain_element.obj
c:\snuff\src\snuffbox\x64\debug\game.obj
c:\snuff\src\snuffbox\x64\debug\keyboard.obj
c:\snuff\src\snuffbox\x64\debug\mouse.obj
c:\snuff\src\snuffbox\x64\debug\js_state_wrapper.obj
c:\snuff\src\snuffbox\x64\debug\js_wrapper.obj
c:\snuff\src\snuffbox\x64\debug\allocated_memory.obj
c:\snuff\src\snuffbox\x64\debug\win32_file_watch.obj
c:\snuff\src\snuffbox\x64\debug\win32_window.obj
c:\snuff\src\snuffbox\x64\debug\console.obj
c:\snuff\src\snuffbox\x64\debug\console_widget.obj
c:\snuff\src\snuffbox\x64\debug\moc_console_widget.obj
c:\snuff\src\x64\debug\snuffbox.ilk
c:\snuff\src\x64\debug\snuffbox.exe
c:\snuff\src\x64\debug\snuffbox.pdb
c:\snuff\src\snuffbox\console\moc_console_widget.cc
c:\snuff\src\snuffbox\x64\debug\snuffbox.tlog\cl.command.1.tlog
c:\snuff\src\snuffbox\x64\debug\snuffbox.tlog\cl.read.1.tlog
c:\snuff\src\snuffbox\x64\debug\snuffbox.tlog\cl.write.1.tlog
c:\snuff\src\snuffbox\x64\debug\snuffbox.tlog\link.command.1.tlog
c:\snuff\src\snuffbox\x64\debug\snuffbox.tlog\link.read.1.tlog
c:\snuff\src\snuffbox\x64\debug\snuffbox.tlog\link.write.1.tlog
c:\snuff\src\snuffbox\x64\debug\snuffbox.tlog\snuffbox.write.1u.tlog
