c:\snuff\src\snuffbox-console\debug\main.obj
c:\snuff\src\snuffbox-console\debug\vc110.pdb
c:\snuff\src\snuffbox-console\debug\cl.command.1.tlog
c:\snuff\src\snuffbox-console\debug\cl.read.1.tlog
c:\snuff\src\snuffbox-console\debug\cl.write.1.tlog
c:\snuff\src\snuffbox-console\debug\link-cvtres.read.1.tlog
c:\snuff\src\snuffbox-console\debug\link-cvtres.write.1.tlog
c:\snuff\src\snuffbox-console\debug\link-rc.read.1.tlog
c:\snuff\src\snuffbox-console\debug\link-rc.write.1.tlog
c:\snuff\src\snuffbox-console\debug\link.2744-cvtres.read.1.tlog
c:\snuff\src\snuffbox-console\debug\link.2744-cvtres.write.1.tlog
c:\snuff\src\snuffbox-console\debug\link.2744-rc.read.1.tlog
c:\snuff\src\snuffbox-console\debug\link.2744-rc.write.1.tlog
c:\snuff\src\snuffbox-console\debug\link.2744.read.1.tlog
c:\snuff\src\snuffbox-console\debug\link.2744.write.1.tlog
c:\snuff\src\snuffbox-console\debug\link.command.1.tlog
c:\snuff\src\snuffbox-console\debug\link.read.1.tlog
c:\snuff\src\snuffbox-console\debug\link.write.1.tlog
c:\snuff\src\snuffbox-console\debug\vc110.idb
c:\snuff\src\snuffbox-console\debug\vc120.idb
c:\snuff\src\snuffbox-console\debug\vc120.pdb
c:\snuff\src\debug\snuffbox-console.pdb
